2024-03-18T19:39:48+00:00 gabriel-b550maoruselite#00 I: Runner: processes
2024-03-18T19:39:48+00:00 gabriel-b550maoruselite#00 I: Chooser: simple
2024-03-18T19:39:48+00:00 gabriel-b550maoruselite#00 I: Configuration suite_name = "90 Problems Ocaml"
2024-03-18T19:39:48+00:00 gabriel-b550maoruselite#00 I: Configuration cache_filename = "/home/gabriel/Documents/projects/ninety_nine_problems_ocaml/_build/oUnit-$(suite_name).cache"
2024-03-18T19:39:48+00:00 gabriel-b550maoruselite#00 I: Configuration run_gc_full_major = "true"
2024-03-18T19:39:48+00:00 gabriel-b550maoruselite#00 I: Configuration display = "true"
2024-03-18T19:39:48+00:00 gabriel-b550maoruselite#00 I: Configuration results_style_1_X = "false"
2024-03-18T19:39:48+00:00 gabriel-b550maoruselite#00 I: Configuration testdata_dir = "none"
2024-03-18T19:39:48+00:00 gabriel-b550maoruselite#00 I: Configuration health_check_interval = "1."
2024-03-18T19:39:48+00:00 gabriel-b550maoruselite#00 I: Configuration verbose = "false"
2024-03-18T19:39:48+00:00 gabriel-b550maoruselite#00 I: Configuration chooser = "simple"
2024-03-18T19:39:48+00:00 gabriel-b550maoruselite#00 I: Configuration output_html_dir = "none"
2024-03-18T19:39:48+00:00 gabriel-b550maoruselite#00 I: Configuration processes_kill_period = "5."
2024-03-18T19:39:48+00:00 gabriel-b550maoruselite#00 I: Configuration runner = "processes"
2024-03-18T19:39:48+00:00 gabriel-b550maoruselite#00 I: Configuration shards = "6"
2024-03-18T19:39:48+00:00 gabriel-b550maoruselite#00 I: Configuration processes_grace_period = "5."
2024-03-18T19:39:48+00:00 gabriel-b550maoruselite#00 I: Configuration log_encoding = "utf-8"
2024-03-18T19:39:48+00:00 gabriel-b550maoruselite#00 I: Configuration output_junit_file = "none"
2024-03-18T19:39:48+00:00 gabriel-b550maoruselite#00 I: Configuration ci = "false"
2024-03-18T19:39:48+00:00 gabriel-b550maoruselite#00 I: Configuration output_file = "/home/gabriel/Documents/projects/ninety_nine_problems_ocaml/_build/oUnit-$(suite_name)-$(shard_id).log"
2024-03-18T19:39:48+00:00 gabriel-b550maoruselite#00 I: Using 6 workers maximum.
2024-03-18T19:39:48+00:00 gabriel-b550maoruselite#00 I: Starting worker number gabriel-b550maoruselite#01.
2024-03-18T19:39:48+00:00 gabriel-b550maoruselite#00 I: Worker gabriel-b550maoruselite#01 started.
2024-03-18T19:39:48+00:00 gabriel-b550maoruselite#00 I: Starting worker number gabriel-b550maoruselite#02.
2024-03-18T19:39:48+00:00 gabriel-b550maoruselite#00 I: Worker gabriel-b550maoruselite#02 started.
2024-03-18T19:39:48+00:00 gabriel-b550maoruselite#00 I: Starting worker number gabriel-b550maoruselite#03.
2024-03-18T19:39:48+00:00 gabriel-b550maoruselite#00 I: Worker gabriel-b550maoruselite#03 started.
2024-03-18T19:39:48+00:00 gabriel-b550maoruselite#00 I: Starting worker number gabriel-b550maoruselite#04.
2024-03-18T19:39:48+00:00 gabriel-b550maoruselite#00 I: Worker gabriel-b550maoruselite#04 started.
2024-03-18T19:39:48+00:00 gabriel-b550maoruselite#00 I: Starting worker number gabriel-b550maoruselite#05.
2024-03-18T19:39:48+00:00 gabriel-b550maoruselite#00 I: Worker gabriel-b550maoruselite#05 started.
2024-03-18T19:39:48+00:00 gabriel-b550maoruselite#00 I: Starting worker number gabriel-b550maoruselite#06.
2024-03-18T19:39:48+00:00 gabriel-b550maoruselite#00 I: Worker gabriel-b550maoruselite#06 started.
2024-03-18T19:39:48+00:00 gabriel-b550maoruselite#00 I: 6 tests running: 90 Problems Ocaml:5:Problem 3 - Getting elemenet from a list by index, 90 Problems Ocaml:4:Problem 2 - Last two elements of an empty list, 90 Problems Ocaml:3:Problem 2 - Last two elements of a list with 1 element, 90 Problems Ocaml:2:Problem 2 - Last two elements of a list, 90 Problems Ocaml:1:Problem 1 - Last element of an empty list, 90 Problems Ocaml:0:Problem 1 - Last element of a list.
2024-03-18T19:39:48+00:00 gabriel-b550maoruselite#01 I: Start test 90 Problems Ocaml:0:Problem 1 - Last element of a list.
2024-03-18T19:39:48+00:00 gabriel-b550maoruselite#02 I: Start test 90 Problems Ocaml:1:Problem 1 - Last element of an empty list.
2024-03-18T19:39:48+00:00 gabriel-b550maoruselite#03 I: Start test 90 Problems Ocaml:2:Problem 2 - Last two elements of a list.
2024-03-18T19:39:48+00:00 gabriel-b550maoruselite#04 I: Start test 90 Problems Ocaml:3:Problem 2 - Last two elements of a list with 1 element.
2024-03-18T19:39:48+00:00 gabriel-b550maoruselite#05 I: Start test 90 Problems Ocaml:4:Problem 2 - Last two elements of an empty list.
2024-03-18T19:39:48+00:00 gabriel-b550maoruselite#00 I: 6 tests running: 90 Problems Ocaml:5:Problem 3 - Getting elemenet from a list by index, 90 Problems Ocaml:4:Problem 2 - Last two elements of an empty list, 90 Problems Ocaml:3:Problem 2 - Last two elements of a list with 1 element, 90 Problems Ocaml:2:Problem 2 - Last two elements of a list, 90 Problems Ocaml:1:Problem 1 - Last element of an empty list, 90 Problems Ocaml:0:Problem 1 - Last element of a list.
2024-03-18T19:39:48+00:00 gabriel-b550maoruselite#01 I: Test 90 Problems Ocaml:0:Problem 1 - Last element of a list is successful.
2024-03-18T19:39:48+00:00 gabriel-b550maoruselite#00 I: 6 tests running: 90 Problems Ocaml:5:Problem 3 - Getting elemenet from a list by index, 90 Problems Ocaml:4:Problem 2 - Last two elements of an empty list, 90 Problems Ocaml:3:Problem 2 - Last two elements of a list with 1 element, 90 Problems Ocaml:2:Problem 2 - Last two elements of a list, 90 Problems Ocaml:1:Problem 1 - Last element of an empty list, 90 Problems Ocaml:0:Problem 1 - Last element of a list.
2024-03-18T19:39:48+00:00 gabriel-b550maoruselite#01 I: End test 90 Problems Ocaml:0:Problem 1 - Last element of a list.
2024-03-18T19:39:48+00:00 gabriel-b550maoruselite#06 I: Start test 90 Problems Ocaml:5:Problem 3 - Getting elemenet from a list by index.
2024-03-18T19:39:48+00:00 gabriel-b550maoruselite#00 I: 6 tests running: 90 Problems Ocaml:5:Problem 3 - Getting elemenet from a list by index, 90 Problems Ocaml:4:Problem 2 - Last two elements of an empty list, 90 Problems Ocaml:3:Problem 2 - Last two elements of a list with 1 element, 90 Problems Ocaml:2:Problem 2 - Last two elements of a list, 90 Problems Ocaml:1:Problem 1 - Last element of an empty list, 90 Problems Ocaml:0:Problem 1 - Last element of a list.
2024-03-18T19:39:48+00:00 gabriel-b550maoruselite#00 I: 6 tests running: 90 Problems Ocaml:6:Problem 3 - Getting element by index out of range, 90 Problems Ocaml:5:Problem 3 - Getting elemenet from a list by index, 90 Problems Ocaml:4:Problem 2 - Last two elements of an empty list, 90 Problems Ocaml:3:Problem 2 - Last two elements of a list with 1 element, 90 Problems Ocaml:2:Problem 2 - Last two elements of a list, 90 Problems Ocaml:1:Problem 1 - Last element of an empty list.
2024-03-18T19:39:48+00:00 gabriel-b550maoruselite#01 I: Start test 90 Problems Ocaml:6:Problem 3 - Getting element by index out of range.
2024-03-18T19:39:48+00:00 gabriel-b550maoruselite#00 I: 6 tests running: 90 Problems Ocaml:6:Problem 3 - Getting element by index out of range, 90 Problems Ocaml:5:Problem 3 - Getting elemenet from a list by index, 90 Problems Ocaml:4:Problem 2 - Last two elements of an empty list, 90 Problems Ocaml:3:Problem 2 - Last two elements of a list with 1 element, 90 Problems Ocaml:2:Problem 2 - Last two elements of a list, 90 Problems Ocaml:1:Problem 1 - Last element of an empty list.
2024-03-18T19:39:48+00:00 gabriel-b550maoruselite#02 I: Test 90 Problems Ocaml:1:Problem 1 - Last element of an empty list is successful.
2024-03-18T19:39:48+00:00 gabriel-b550maoruselite#00 I: 6 tests running: 90 Problems Ocaml:6:Problem 3 - Getting element by index out of range, 90 Problems Ocaml:5:Problem 3 - Getting elemenet from a list by index, 90 Problems Ocaml:4:Problem 2 - Last two elements of an empty list, 90 Problems Ocaml:3:Problem 2 - Last two elements of a list with 1 element, 90 Problems Ocaml:2:Problem 2 - Last two elements of a list, 90 Problems Ocaml:1:Problem 1 - Last element of an empty list.
2024-03-18T19:39:48+00:00 gabriel-b550maoruselite#02 I: End test 90 Problems Ocaml:1:Problem 1 - Last element of an empty list.
2024-03-18T19:39:48+00:00 gabriel-b550maoruselite#00 I: 6 tests running: 90 Problems Ocaml:6:Problem 3 - Getting element by index out of range, 90 Problems Ocaml:5:Problem 3 - Getting elemenet from a list by index, 90 Problems Ocaml:4:Problem 2 - Last two elements of an empty list, 90 Problems Ocaml:3:Problem 2 - Last two elements of a list with 1 element, 90 Problems Ocaml:2:Problem 2 - Last two elements of a list, 90 Problems Ocaml:1:Problem 1 - Last element of an empty list.
2024-03-18T19:39:48+00:00 gabriel-b550maoruselite#00 I: 6 tests running: 90 Problems Ocaml:7:Problem 4 - Getting length of a list, 90 Problems Ocaml:6:Problem 3 - Getting element by index out of range, 90 Problems Ocaml:5:Problem 3 - Getting elemenet from a list by index, 90 Problems Ocaml:4:Problem 2 - Last two elements of an empty list, 90 Problems Ocaml:3:Problem 2 - Last two elements of a list with 1 element, 90 Problems Ocaml:2:Problem 2 - Last two elements of a list.
2024-03-18T19:39:48+00:00 gabriel-b550maoruselite#02 I: Start test 90 Problems Ocaml:7:Problem 4 - Getting length of a list.
2024-03-18T19:39:48+00:00 gabriel-b550maoruselite#00 I: 6 tests running: 90 Problems Ocaml:7:Problem 4 - Getting length of a list, 90 Problems Ocaml:6:Problem 3 - Getting element by index out of range, 90 Problems Ocaml:5:Problem 3 - Getting elemenet from a list by index, 90 Problems Ocaml:4:Problem 2 - Last two elements of an empty list, 90 Problems Ocaml:3:Problem 2 - Last two elements of a list with 1 element, 90 Problems Ocaml:2:Problem 2 - Last two elements of a list.
2024-03-18T19:39:48+00:00 gabriel-b550maoruselite#03 I: Test 90 Problems Ocaml:2:Problem 2 - Last two elements of a list is successful.
2024-03-18T19:39:48+00:00 gabriel-b550maoruselite#01 I: Test 90 Problems Ocaml:6:Problem 3 - Getting element by index out of range is successful.
2024-03-18T19:39:48+00:00 gabriel-b550maoruselite#00 I: 6 tests running: 90 Problems Ocaml:7:Problem 4 - Getting length of a list, 90 Problems Ocaml:6:Problem 3 - Getting element by index out of range, 90 Problems Ocaml:5:Problem 3 - Getting elemenet from a list by index, 90 Problems Ocaml:4:Problem 2 - Last two elements of an empty list, 90 Problems Ocaml:3:Problem 2 - Last two elements of a list with 1 element, 90 Problems Ocaml:2:Problem 2 - Last two elements of a list.
2024-03-18T19:39:48+00:00 gabriel-b550maoruselite#03 I: End test 90 Problems Ocaml:2:Problem 2 - Last two elements of a list.
2024-03-18T19:39:48+00:00 gabriel-b550maoruselite#01 I: End test 90 Problems Ocaml:6:Problem 3 - Getting element by index out of range.
2024-03-18T19:39:48+00:00 gabriel-b550maoruselite#00 I: 6 tests running: 90 Problems Ocaml:7:Problem 4 - Getting length of a list, 90 Problems Ocaml:6:Problem 3 - Getting element by index out of range, 90 Problems Ocaml:5:Problem 3 - Getting elemenet from a list by index, 90 Problems Ocaml:4:Problem 2 - Last two elements of an empty list, 90 Problems Ocaml:3:Problem 2 - Last two elements of a list with 1 element, 90 Problems Ocaml:2:Problem 2 - Last two elements of a list.
2024-03-18T19:39:48+00:00 gabriel-b550maoruselite#00 I: 6 tests running: 90 Problems Ocaml:9:Problem 6 - Checking if a list is palindrome - is, 90 Problems Ocaml:8:Problem 5 - Reversing a list, 90 Problems Ocaml:7:Problem 4 - Getting length of a list, 90 Problems Ocaml:5:Problem 3 - Getting elemenet from a list by index, 90 Problems Ocaml:4:Problem 2 - Last two elements of an empty list, 90 Problems Ocaml:3:Problem 2 - Last two elements of a list with 1 element.
2024-03-18T19:39:48+00:00 gabriel-b550maoruselite#01 I: Start test 90 Problems Ocaml:8:Problem 5 - Reversing a list.
2024-03-18T19:39:48+00:00 gabriel-b550maoruselite#03 I: Start test 90 Problems Ocaml:9:Problem 6 - Checking if a list is palindrome - is.
2024-03-18T19:39:48+00:00 gabriel-b550maoruselite#00 I: 6 tests running: 90 Problems Ocaml:9:Problem 6 - Checking if a list is palindrome - is, 90 Problems Ocaml:8:Problem 5 - Reversing a list, 90 Problems Ocaml:7:Problem 4 - Getting length of a list, 90 Problems Ocaml:5:Problem 3 - Getting elemenet from a list by index, 90 Problems Ocaml:4:Problem 2 - Last two elements of an empty list, 90 Problems Ocaml:3:Problem 2 - Last two elements of a list with 1 element.
2024-03-18T19:39:48+00:00 gabriel-b550maoruselite#04 I: Test 90 Problems Ocaml:3:Problem 2 - Last two elements of a list with 1 element is successful.
2024-03-18T19:39:48+00:00 gabriel-b550maoruselite#02 I: Test 90 Problems Ocaml:7:Problem 4 - Getting length of a list is successful.
2024-03-18T19:39:48+00:00 gabriel-b550maoruselite#00 I: 6 tests running: 90 Problems Ocaml:9:Problem 6 - Checking if a list is palindrome - is, 90 Problems Ocaml:8:Problem 5 - Reversing a list, 90 Problems Ocaml:7:Problem 4 - Getting length of a list, 90 Problems Ocaml:5:Problem 3 - Getting elemenet from a list by index, 90 Problems Ocaml:4:Problem 2 - Last two elements of an empty list, 90 Problems Ocaml:3:Problem 2 - Last two elements of a list with 1 element.
2024-03-18T19:39:48+00:00 gabriel-b550maoruselite#04 I: End test 90 Problems Ocaml:3:Problem 2 - Last two elements of a list with 1 element.
2024-03-18T19:39:48+00:00 gabriel-b550maoruselite#02 I: End test 90 Problems Ocaml:7:Problem 4 - Getting length of a list.
2024-03-18T19:39:48+00:00 gabriel-b550maoruselite#01 I: Test 90 Problems Ocaml:8:Problem 5 - Reversing a list is successful.
2024-03-18T19:39:48+00:00 gabriel-b550maoruselite#00 I: 6 tests running: 90 Problems Ocaml:9:Problem 6 - Checking if a list is palindrome - is, 90 Problems Ocaml:8:Problem 5 - Reversing a list, 90 Problems Ocaml:7:Problem 4 - Getting length of a list, 90 Problems Ocaml:5:Problem 3 - Getting elemenet from a list by index, 90 Problems Ocaml:4:Problem 2 - Last two elements of an empty list, 90 Problems Ocaml:3:Problem 2 - Last two elements of a list with 1 element.
2024-03-18T19:39:48+00:00 gabriel-b550maoruselite#01 I: End test 90 Problems Ocaml:8:Problem 5 - Reversing a list.
2024-03-18T19:39:48+00:00 gabriel-b550maoruselite#00 I: 6 tests running: 90 Problems Ocaml:11:Problem 7 - Flatten an array, 90 Problems Ocaml:10:Problem 6 - Checking if a list is palindrome - isn't, 90 Problems Ocaml:9:Problem 6 - Checking if a list is palindrome - is, 90 Problems Ocaml:8:Problem 5 - Reversing a list, 90 Problems Ocaml:5:Problem 3 - Getting elemenet from a list by index, 90 Problems Ocaml:4:Problem 2 - Last two elements of an empty list.
2024-03-18T19:39:48+00:00 gabriel-b550maoruselite#02 I: Start test 90 Problems Ocaml:10:Problem 6 - Checking if a list is palindrome - isn't.
2024-03-18T19:39:48+00:00 gabriel-b550maoruselite#04 I: Start test 90 Problems Ocaml:11:Problem 7 - Flatten an array.
2024-03-18T19:39:48+00:00 gabriel-b550maoruselite#00 I: 6 tests running: 90 Problems Ocaml:12:Problem 8 - Removing consecutives duplicates, 90 Problems Ocaml:11:Problem 7 - Flatten an array, 90 Problems Ocaml:10:Problem 6 - Checking if a list is palindrome - isn't, 90 Problems Ocaml:9:Problem 6 - Checking if a list is palindrome - is, 90 Problems Ocaml:5:Problem 3 - Getting elemenet from a list by index, 90 Problems Ocaml:4:Problem 2 - Last two elements of an empty list.
2024-03-18T19:39:48+00:00 gabriel-b550maoruselite#05 I: Test 90 Problems Ocaml:4:Problem 2 - Last two elements of an empty list is successful.
2024-03-18T19:39:48+00:00 gabriel-b550maoruselite#03 I: Test 90 Problems Ocaml:9:Problem 6 - Checking if a list is palindrome - is is successful.
2024-03-18T19:39:48+00:00 gabriel-b550maoruselite#01 I: Start test 90 Problems Ocaml:12:Problem 8 - Removing consecutives duplicates.
2024-03-18T19:39:48+00:00 gabriel-b550maoruselite#00 I: 6 tests running: 90 Problems Ocaml:12:Problem 8 - Removing consecutives duplicates, 90 Problems Ocaml:11:Problem 7 - Flatten an array, 90 Problems Ocaml:10:Problem 6 - Checking if a list is palindrome - isn't, 90 Problems Ocaml:9:Problem 6 - Checking if a list is palindrome - is, 90 Problems Ocaml:5:Problem 3 - Getting elemenet from a list by index, 90 Problems Ocaml:4:Problem 2 - Last two elements of an empty list.
2024-03-18T19:39:48+00:00 gabriel-b550maoruselite#05 I: End test 90 Problems Ocaml:4:Problem 2 - Last two elements of an empty list.
2024-03-18T19:39:48+00:00 gabriel-b550maoruselite#03 I: End test 90 Problems Ocaml:9:Problem 6 - Checking if a list is palindrome - is.
2024-03-18T19:39:48+00:00 gabriel-b550maoruselite#00 I: 6 tests running: 90 Problems Ocaml:12:Problem 8 - Removing consecutives duplicates, 90 Problems Ocaml:11:Problem 7 - Flatten an array, 90 Problems Ocaml:10:Problem 6 - Checking if a list is palindrome - isn't, 90 Problems Ocaml:9:Problem 6 - Checking if a list is palindrome - is, 90 Problems Ocaml:5:Problem 3 - Getting elemenet from a list by index, 90 Problems Ocaml:4:Problem 2 - Last two elements of an empty list.
2024-03-18T19:39:48+00:00 gabriel-b550maoruselite#02 I: Test 90 Problems Ocaml:10:Problem 6 - Checking if a list is palindrome - isn't is successful.
2024-03-18T19:39:48+00:00 gabriel-b550maoruselite#00 I: Still 5 tests running : 90 Problems Ocaml:13:Problem 9 - Group consecutives duplicates, 90 Problems Ocaml:12:Problem 8 - Removing consecutives duplicates, 90 Problems Ocaml:11:Problem 7 - Flatten an array, 90 Problems Ocaml:10:Problem 6 - Checking if a list is palindrome - isn't, 90 Problems Ocaml:5:Problem 3 - Getting elemenet from a list by index.
2024-03-18T19:39:48+00:00 gabriel-b550maoruselite#00 I: 5 tests running: 90 Problems Ocaml:13:Problem 9 - Group consecutives duplicates, 90 Problems Ocaml:12:Problem 8 - Removing consecutives duplicates, 90 Problems Ocaml:11:Problem 7 - Flatten an array, 90 Problems Ocaml:10:Problem 6 - Checking if a list is palindrome - isn't, 90 Problems Ocaml:5:Problem 3 - Getting elemenet from a list by index.
2024-03-18T19:39:48+00:00 gabriel-b550maoruselite#02 I: End test 90 Problems Ocaml:10:Problem 6 - Checking if a list is palindrome - isn't.
2024-03-18T19:39:48+00:00 gabriel-b550maoruselite#01 I: Test 90 Problems Ocaml:12:Problem 8 - Removing consecutives duplicates is successful.
2024-03-18T19:39:48+00:00 gabriel-b550maoruselite#03 I: Start test 90 Problems Ocaml:13:Problem 9 - Group consecutives duplicates.
2024-03-18T19:39:48+00:00 gabriel-b550maoruselite#00 I: Still 5 tests running : 90 Problems Ocaml:13:Problem 9 - Group consecutives duplicates, 90 Problems Ocaml:12:Problem 8 - Removing consecutives duplicates, 90 Problems Ocaml:11:Problem 7 - Flatten an array, 90 Problems Ocaml:10:Problem 6 - Checking if a list is palindrome - isn't, 90 Problems Ocaml:5:Problem 3 - Getting elemenet from a list by index.
2024-03-18T19:39:48+00:00 gabriel-b550maoruselite#00 I: 5 tests running: 90 Problems Ocaml:13:Problem 9 - Group consecutives duplicates, 90 Problems Ocaml:12:Problem 8 - Removing consecutives duplicates, 90 Problems Ocaml:11:Problem 7 - Flatten an array, 90 Problems Ocaml:10:Problem 6 - Checking if a list is palindrome - isn't, 90 Problems Ocaml:5:Problem 3 - Getting elemenet from a list by index.
2024-03-18T19:39:48+00:00 gabriel-b550maoruselite#01 I: End test 90 Problems Ocaml:12:Problem 8 - Removing consecutives duplicates.
2024-03-18T19:39:48+00:00 gabriel-b550maoruselite#00 I: Still 4 tests running : 90 Problems Ocaml:13:Problem 9 - Group consecutives duplicates, 90 Problems Ocaml:12:Problem 8 - Removing consecutives duplicates, 90 Problems Ocaml:11:Problem 7 - Flatten an array, 90 Problems Ocaml:5:Problem 3 - Getting elemenet from a list by index.
2024-03-18T19:39:48+00:00 gabriel-b550maoruselite#00 I: 4 tests running: 90 Problems Ocaml:13:Problem 9 - Group consecutives duplicates, 90 Problems Ocaml:12:Problem 8 - Removing consecutives duplicates, 90 Problems Ocaml:11:Problem 7 - Flatten an array, 90 Problems Ocaml:5:Problem 3 - Getting elemenet from a list by index.
2024-03-18T19:39:48+00:00 gabriel-b550maoruselite#04 I: Test 90 Problems Ocaml:11:Problem 7 - Flatten an array is successful.
2024-03-18T19:39:48+00:00 gabriel-b550maoruselite#00 I: Still 3 tests running : 90 Problems Ocaml:13:Problem 9 - Group consecutives duplicates, 90 Problems Ocaml:11:Problem 7 - Flatten an array, 90 Problems Ocaml:5:Problem 3 - Getting elemenet from a list by index.
2024-03-18T19:39:48+00:00 gabriel-b550maoruselite#00 I: 3 tests running: 90 Problems Ocaml:13:Problem 9 - Group consecutives duplicates, 90 Problems Ocaml:11:Problem 7 - Flatten an array, 90 Problems Ocaml:5:Problem 3 - Getting elemenet from a list by index.
2024-03-18T19:39:48+00:00 gabriel-b550maoruselite#06 I: Test 90 Problems Ocaml:5:Problem 3 - Getting elemenet from a list by index is successful.
2024-03-18T19:39:48+00:00 gabriel-b550maoruselite#04 I: End test 90 Problems Ocaml:11:Problem 7 - Flatten an array.
2024-03-18T19:39:48+00:00 gabriel-b550maoruselite#03 I: Test 90 Problems Ocaml:13:Problem 9 - Group consecutives duplicates is successful.
2024-03-18T19:39:48+00:00 gabriel-b550maoruselite#00 I: Still 3 tests running : 90 Problems Ocaml:13:Problem 9 - Group consecutives duplicates, 90 Problems Ocaml:11:Problem 7 - Flatten an array, 90 Problems Ocaml:5:Problem 3 - Getting elemenet from a list by index.
2024-03-18T19:39:48+00:00 gabriel-b550maoruselite#00 I: 3 tests running: 90 Problems Ocaml:13:Problem 9 - Group consecutives duplicates, 90 Problems Ocaml:11:Problem 7 - Flatten an array, 90 Problems Ocaml:5:Problem 3 - Getting elemenet from a list by index.
2024-03-18T19:39:48+00:00 gabriel-b550maoruselite#06 I: End test 90 Problems Ocaml:5:Problem 3 - Getting elemenet from a list by index.
2024-03-18T19:39:48+00:00 gabriel-b550maoruselite#03 I: End test 90 Problems Ocaml:13:Problem 9 - Group consecutives duplicates.
2024-03-18T19:39:48+00:00 gabriel-b550maoruselite#00 I: Still 2 tests running : 90 Problems Ocaml:13:Problem 9 - Group consecutives duplicates, 90 Problems Ocaml:5:Problem 3 - Getting elemenet from a list by index.
2024-03-18T19:39:48+00:00 gabriel-b550maoruselite#00 I: 2 tests running: 90 Problems Ocaml:13:Problem 9 - Group consecutives duplicates, 90 Problems Ocaml:5:Problem 3 - Getting elemenet from a list by index.
2024-03-18T19:39:48+00:00 gabriel-b550maoruselite#00 I: 0 tests running: .
2024-03-18T19:39:48+00:00 gabriel-b550maoruselite#00 I: Worker gabriel-b550maoruselite#05 has ended.
2024-03-18T19:39:48+00:00 gabriel-b550maoruselite#00 I: Worker gabriel-b550maoruselite#02 has ended.
2024-03-18T19:39:48+00:00 gabriel-b550maoruselite#00 I: Worker gabriel-b550maoruselite#01 has ended.
2024-03-18T19:39:48+00:00 gabriel-b550maoruselite#00 I: Worker gabriel-b550maoruselite#04 has ended.
2024-03-18T19:39:48+00:00 gabriel-b550maoruselite#00 I: Worker gabriel-b550maoruselite#06 has ended.
2024-03-18T19:39:48+00:00 gabriel-b550maoruselite#00 I: Worker gabriel-b550maoruselite#03 has ended.
2024-03-18T19:39:48+00:00 gabriel-b550maoruselite#00 I: Used 6 worker during test execution.
2024-03-18T19:39:48+00:00 gabriel-b550maoruselite#00 I: Run 3 tests with shard gabriel-b550maoruselite#03.
2024-03-18T19:39:48+00:00 gabriel-b550maoruselite#00 I: Run 4 tests with shard gabriel-b550maoruselite#01.
2024-03-18T19:39:48+00:00 gabriel-b550maoruselite#00 I: Run 1 tests with shard gabriel-b550maoruselite#05.
2024-03-18T19:39:48+00:00 gabriel-b550maoruselite#00 I: Run 3 tests with shard gabriel-b550maoruselite#02.
2024-03-18T19:39:48+00:00 gabriel-b550maoruselite#00 I: Run 2 tests with shard gabriel-b550maoruselite#04.
2024-03-18T19:39:48+00:00 gabriel-b550maoruselite#00 I: Run 1 tests with shard gabriel-b550maoruselite#06.
2024-03-18T19:39:48+00:00 gabriel-b550maoruselite#00 I: Check health of shard gabriel-b550maoruselite#03, 1 times.
2024-03-18T19:39:48+00:00 gabriel-b550maoruselite#00 I: Check health of shard gabriel-b550maoruselite#05, 7 times.
2024-03-18T19:39:48+00:00 gabriel-b550maoruselite#00 I: Check health of shard gabriel-b550maoruselite#01, 4 times.
2024-03-18T19:39:48+00:00 gabriel-b550maoruselite#00 I: Check health of shard gabriel-b550maoruselite#02, 5 times.
2024-03-18T19:39:48+00:00 gabriel-b550maoruselite#00 I: Check health of shard gabriel-b550maoruselite#04, 2 times.
2024-03-18T19:39:48+00:00 gabriel-b550maoruselite#00 I: Check health of shard gabriel-b550maoruselite#06, 1 times.
2024-03-18T19:39:48+00:00 gabriel-b550maoruselite#00 I: ==============
2024-03-18T19:39:48+00:00 gabriel-b550maoruselite#00 I: Summary:
2024-03-18T19:39:48+00:00 gabriel-b550maoruselite#00 I: Test 90 Problems Ocaml:13:Problem 9 - Group consecutives duplicates is successful.
2024-03-18T19:39:48+00:00 gabriel-b550maoruselite#00 I: Test 90 Problems Ocaml:5:Problem 3 - Getting elemenet from a list by index is successful.
2024-03-18T19:39:48+00:00 gabriel-b550maoruselite#00 I: Test 90 Problems Ocaml:11:Problem 7 - Flatten an array is successful.
2024-03-18T19:39:48+00:00 gabriel-b550maoruselite#00 I: Test 90 Problems Ocaml:12:Problem 8 - Removing consecutives duplicates is successful.
2024-03-18T19:39:48+00:00 gabriel-b550maoruselite#00 I: Test 90 Problems Ocaml:10:Problem 6 - Checking if a list is palindrome - isn't is successful.
2024-03-18T19:39:48+00:00 gabriel-b550maoruselite#00 I: Test 90 Problems Ocaml:9:Problem 6 - Checking if a list is palindrome - is is successful.
2024-03-18T19:39:48+00:00 gabriel-b550maoruselite#00 I: Test 90 Problems Ocaml:4:Problem 2 - Last two elements of an empty list is successful.
2024-03-18T19:39:48+00:00 gabriel-b550maoruselite#00 I: Test 90 Problems Ocaml:8:Problem 5 - Reversing a list is successful.
2024-03-18T19:39:48+00:00 gabriel-b550maoruselite#00 I: Test 90 Problems Ocaml:7:Problem 4 - Getting length of a list is successful.
2024-03-18T19:39:48+00:00 gabriel-b550maoruselite#00 I: Test 90 Problems Ocaml:3:Problem 2 - Last two elements of a list with 1 element is successful.
2024-03-18T19:39:48+00:00 gabriel-b550maoruselite#00 I: Test 90 Problems Ocaml:6:Problem 3 - Getting element by index out of range is successful.
2024-03-18T19:39:48+00:00 gabriel-b550maoruselite#00 I: Test 90 Problems Ocaml:2:Problem 2 - Last two elements of a list is successful.
2024-03-18T19:39:48+00:00 gabriel-b550maoruselite#00 I: Test 90 Problems Ocaml:1:Problem 1 - Last element of an empty list is successful.
2024-03-18T19:39:48+00:00 gabriel-b550maoruselite#00 I: Test 90 Problems Ocaml:0:Problem 1 - Last element of a list is successful.
2024-03-18T19:39:48+00:00 gabriel-b550maoruselite#00 I: Ran: 14 tests in: 0.10 seconds.
2024-03-18T19:39:48+00:00 gabriel-b550maoruselite#00 I: Cases: 14.
2024-03-18T19:39:48+00:00 gabriel-b550maoruselite#00 I: Tried: 14.
2024-03-18T19:39:48+00:00 gabriel-b550maoruselite#00 I: Errors: 0.
2024-03-18T19:39:48+00:00 gabriel-b550maoruselite#00 I: Failures: 0.
2024-03-18T19:39:48+00:00 gabriel-b550maoruselite#00 I: Skip: 0.
2024-03-18T19:39:48+00:00 gabriel-b550maoruselite#00 I: Todo: 0.
2024-03-18T19:39:48+00:00 gabriel-b550maoruselite#00 I: Timeout: 0.
